0 info it worked if it ends with ok
1 verbose cli [ '/Users/afontcu/.nvm/versions/node/v6.3.1/bin/node',
1 verbose cli   '/Users/afontcu/.nvm/versions/node/v6.3.1/bin/npm',
1 verbose cli   'run',
1 verbose cli   'test' ]
2 info using npm@3.10.3
3 info using node@v6.3.1
4 verbose run-script [ 'pretest', 'test', 'posttest' ]
5 info lifecycle calidae-css@1.0.0~pretest: calidae-css@1.0.0
6 silly lifecycle calidae-css@1.0.0~pretest: no script for pretest, continuing
7 info lifecycle calidae-css@1.0.0~test: calidae-css@1.0.0
8 verbose lifecycle calidae-css@1.0.0~test: unsafe-perm in lifecycle true
9 verbose lifecycle calidae-css@1.0.0~test: PATH: /Users/afontcu/.nvm/versions/node/v6.3.1/lib/node_modules/npm/bin/node-gyp-bin:/Users/afontcu/www/calidae-css/node_modules/.bin:/Users/afontcu/.nvm/versions/node/v6.3.1/bin:/Users/afontcu/.nvm/versions/node/v6.3.1/bin:/Users/afontcu/bin:/Users/afontcu/.composer/vendor/bin:/usr/local/bin:/usr/local/bin:/usr/bin:/bin:/usr/sbin:/sbin:/opt/X11/bin:/usr/local/git/bin
10 verbose lifecycle calidae-css@1.0.0~test: CWD: /Users/afontcu/www/calidae-css
11 silly lifecycle calidae-css@1.0.0~test: Args: [ '-c', 'stylelint scss/**/*.scss --syntax scss' ]
12 silly lifecycle calidae-css@1.0.0~test: Returned: code: 2  signal: null
13 info lifecycle calidae-css@1.0.0~test: Failed to exec test script
14 verbose stack Error: calidae-css@1.0.0 test: `stylelint scss/**/*.scss --syntax scss`
14 verbose stack Exit status 2
14 verbose stack     at EventEmitter.<anonymous> (/Users/afontcu/.nvm/versions/node/v6.3.1/lib/node_modules/npm/lib/utils/lifecycle.js:242:16)
14 verbose stack     at emitTwo (events.js:106:13)
14 verbose stack     at EventEmitter.emit (events.js:191:7)
14 verbose stack     at ChildProcess.<anonymous> (/Users/afontcu/.nvm/versions/node/v6.3.1/lib/node_modules/npm/lib/utils/spawn.js:40:14)
14 verbose stack     at emitTwo (events.js:106:13)
14 verbose stack     at ChildProcess.emit (events.js:191:7)
14 verbose stack     at maybeClose (internal/child_process.js:852:16)
14 verbose stack     at Process.ChildProcess._handle.onexit (internal/child_process.js:215:5)
15 verbose pkgid calidae-css@1.0.0
16 verbose cwd /Users/afontcu/www/calidae-css
17 error Darwin 15.4.0
18 error argv "/Users/afontcu/.nvm/versions/node/v6.3.1/bin/node" "/Users/afontcu/.nvm/versions/node/v6.3.1/bin/npm" "run" "test"
19 error node v6.3.1
20 error npm  v3.10.3
21 error code ELIFECYCLE
22 error calidae-css@1.0.0 test: `stylelint scss/**/*.scss --syntax scss`
22 error Exit status 2
23 error Failed at the calidae-css@1.0.0 test script 'stylelint scss/**/*.scss --syntax scss'.
23 error Make sure you have the latest version of node.js and npm installed.
23 error If you do, this is most likely a problem with the calidae-css package,
23 error not with npm itself.
23 error Tell the author that this fails on your system:
23 error     stylelint scss/**/*.scss --syntax scss
23 error You can get information on how to open an issue for this project with:
23 error     npm bugs calidae-css
23 error Or if that isn't available, you can get their info via:
23 error     npm owner ls calidae-css
23 error There is likely additional logging output above.
24 verbose exit [ 1, true ]
